#
# There is insufficient memory for the Java Runtime Environment to continue.
# Native memory allocation (malloc) failed to allocate 32744 bytes for ChunkPool::allocate
# Possible reasons:
#   The system is out of physical RAM or swap space
#   In 32 bit mode, the process size limit was hit
# Possible solutions:
#   Reduce memory load on the system
#   Increase physical memory or swap space
#   Check if swap backing store is full
#   Use 64 bit Java on a 64 bit OS
#   Decrease Java heap size (-Xmx/-Xms)
#   Decrease number of Java threads
#   Decrease Java thread stack sizes (-Xss)
#   Set larger code cache with -XX:ReservedCodeCacheSize=
# This output file may be truncated or incomplete.
#
#  Out of Memory Error (allocation.cpp:273), pid=7364, tid=0x0000000000001510
#
# JRE version: OpenJDK Runtime Environment (8.0_152-b02) (build 1.8.0_152-release-1024-b02)
# Java VM: OpenJDK 64-Bit Server VM (25.152-b02 mixed mode windows-amd64 compressed oops)
# Failed to write core dump. Minidumps are not enabled by default on client versions of Windows
#

---------------  T H R E A D  ---------------

Current thread (0x0000000015289000):  JavaThread "C2 CompilerThread0" daemon [_thread_in_native, id=5392, stack(0x0000000016bf0000,0x0000000016cf0000)]

Stack: [0x0000000016bf0000,0x0000000016cf0000]
[error occurred during error reporting (printing stack bounds), id 0xc0000005]

Native frames: (J=compiled Java code, j=interpreted, Vv=VM code, C=native code)


Current CompileTask:
C2:  12087 6533       4       java.net.URLClassLoader$1::run (5 bytes)


---------------  P R O C E S S  ---------------

Java Threads: ( => current thread )
  0x000000001978b000 JavaThread "File lock request listener" [_thread_in_native, id=5456, stack(0x000000001a740000,0x000000001a840000)]
  0x0000000018358000 JavaThread "Stdin handler" [_thread_blocked, id=4992, stack(0x0000000019470000,0x0000000019570000)]
  0x00000000180e8000 JavaThread "Asynchronous log dispatcher for DefaultDaemonConnection: socket connection from /127.0.0.1:58769 to /127.0.0.1:58770" [_thread_blocked, id=7748, stack(0x0000000019370000,0x0000000019470000)]
  0x00000000181bc000 JavaThread "Daemon worker" [_thread_in_vm_trans, id=8084, stack(0x0000000019270000,0x0000000019370000)]
  0x00000000181bf000 JavaThread "Cancel handler" [_thread_blocked, id=7276, stack(0x0000000019170000,0x0000000019270000)]
  0x00000000180e4800 JavaThread "pool-1-thread-1" [_thread_blocked, id=7820, stack(0x0000000019070000,0x0000000019170000)]
  0x0000000017c1f000 JavaThread "Handler for socket connection from /127.0.0.1:58769 to /127.0.0.1:58770" [_thread_in_native, id=7952, stack(0x0000000018f70000,0x0000000019070000)]
  0x0000000017d0a800 JavaThread "Daemon" [_thread_blocked, id=5336, stack(0x0000000018e70000,0x0000000018f70000)]
  0x0000000017811000 JavaThread "Incoming local TCP Connector on port 58769" [_thread_in_native, id=6832, stack(0x00000000188e0000,0x00000000189e0000)]
  0x0000000016672000 JavaThread "Service Thread" daemon [_thread_blocked, id=7484, stack(0x0000000016ef0000,0x0000000016ff0000)]
  0x00000000165fb000 JavaThread "C1 CompilerThread2" daemon [_thread_blocked, id=7288, stack(0x0000000016df0000,0x0000000016ef0000)]
  0x000000001528d800 JavaThread "C2 CompilerThread1" daemon [_thread_in_native, id=3924, stack(0x0000000016cf0000,0x0000000016df0000)]
=>0x0000000015289000 JavaThread "C2 CompilerThread0" daemon [_thread_in_native, id=5392, stack(0x0000000016bf0000,0x0000000016cf0000)]
  0x000000001523e800 JavaThread "Attach Listener" daemon [_thread_blocked, id=8036, stack(0x0000000016af0000,0x0000000016bf0000)]
  0x00000000165f8800 JavaThread "Signal Dispatcher" daemon [_thread_blocked, id=7604, stack(0x00000000169f0000,0x0000000016af0000)]
  0x0000000015218800 JavaThread "Finalizer" daemon [_thread_blocked, id=468, stack(0x0000000016490000,0x0000000016590000)]
  0x0000000002b52000 JavaThread "Reference Handler" daemon [_thread_blocked, id=6756, stack(0x0000000016390000,0x0000000016490000)]
  0x000000000295e800 JavaThread "main" [_thread_blocked, id=208, stack(0x0000000002960000,0x0000000002a60000)]

Other Threads:
  0x00000000151f6000 VMThread [stack: 0x0000000016290000,0x0000000016390000] [id=1176]
  0x0000000016673000 WatcherThread [stack: 0x0000000016ff0000,0x00000000170f0000] [id=7228]

VM state:not at safepoint (normal execution)

VM Mutex/Monitor currently owned by a thread: None

Heap:
 PSYoungGen      total 240640K, used 240620K [0x00000000eab00000, 0x00000000fa780000, 0x0000000100000000)
  eden space 223744K, 100% used [0x00000000eab00000,0x00000000f8580000,0x00000000f8580000)
  from space 16896K, 99% used [0x00000000f9600000,0x00000000fa67b070,0x00000000fa680000)
  to   space 16896K, 0% used [0x00000000f8580000,0x00000000f8580000,0x00000000f9600000)
 ParOldGen       total 111616K, used 24980K [0x00000000c0000000, 0x00000000c6d00000, 0x00000000eab00000)
  object space 111616K, 22% used [0x00000000c0000000,0x00000000c1865288,0x00000000c6d00000)
 Metaspace       used 52089K, capacity 53772K, committed 54016K, reserved 1095680K
  class space    used 6906K, capacity 7321K, committed 7424K, reserved 1048576K

Card table byte_map: [0x0000000011f20000,0x0000000012130000] byte_map_base: 0x0000000011920000

Marking Bits: (ParMarkBitMap*) 0x000000005b944970
 Begin Bits: [0x0000000012690000, 0x0000000013690000)
 End Bits:   [0x0000000013690000, 0x0000000014690000)

Polling page: 0x0000000002490000

CodeCache: size=245760Kb used=21504Kb max_used=21504Kb free=224255Kb
 bounds [0x0000000002b60000, 0x0000000004080000, 0x0000000011b60000]
 total_blobs=6829 nmethods=6045 adapters=696
 compilation: enabled

Compilation events (10 events):
Event: 12.082 Thread 0x00000000165fb000 6777       3       sun.misc.ProxyGenerator::computeUniqueCatchList (163 bytes)
Event: 12.083 Thread 0x00000000165fb000 nmethod 6777 0x000000000406b310 code [0x000000000406b640, 0x000000000406d348]
Event: 12.083 Thread 0x00000000165fb000 6773       3       sun.misc.ProxyGenerator::access$500 (6 bytes)
Event: 12.083 Thread 0x00000000165fb000 nmethod 6773 0x000000000406e350 code [0x000000000406e4c0, 0x000000000406e628]
Event: 12.083 Thread 0x00000000165fb000 6774       3       sun.misc.ProxyGenerator::getMethodDescriptor (37 bytes)
Event: 12.083 Thread 0x00000000165fb000 nmethod 6774 0x000000000406e6d0 code [0x000000000406e8a0, 0x000000000406f068]
Event: 12.083 Thread 0x00000000165fb000 6775       3       sun.misc.ProxyGenerator$ConstantPool::getInterfaceMethodRef (33 bytes)
Event: 12.084 Thread 0x00000000165fb000 nmethod 6775 0x000000000406f350 code [0x000000000406f5e0, 0x0000000004070388]
Event: 12.084 Thread 0x00000000165fb000 6776       3       sun.misc.ProxyGenerator::access$1100 (5 bytes)
Event: 12.084 Thread 0x00000000165fb000 nmethod 6776 0x0000000004070e90 code [0x0000000004071000, 0x0000000004071168]

GC Heap History (10 events):
Event: 3.357 GC heap before
{Heap before GC invocations=6 (full 1):
 PSYoungGen      total 129024K, used 125957K [0x00000000eab00000, 0x00000000f3b80000, 0x0000000100000000)
  eden space 121856K, 97% used [0x00000000eab00000,0x00000000f1f127b8,0x00000000f2200000)
  from space 7168K, 99% used [0x00000000f3480000,0x00000000f3b6ed08,0x00000000f3b80000)
  to   space 10752K, 0% used [0x00000000f2680000,0x00000000f2680000,0x00000000f3100000)
 ParOldGen       total 82944K, used 8033K [0x00000000c0000000, 0x00000000c5100000, 0x00000000eab00000)
  object space 82944K, 9% used [0x00000000c0000000,0x00000000c07d8600,0x00000000c5100000)
 Metaspace       used 34368K, capacity 35242K, committed 35456K, reserved 1079296K
  class space    used 4631K, capacity 4895K, committed 4992K, reserved 1048576K
Event: 3.370 GC heap after
Heap after GC invocations=6 (full 1):
 PSYoungGen      total 137216K, used 10725K [0x00000000eab00000, 0x00000000fa680000, 0x0000000100000000)
  eden space 126464K, 0% used [0x00000000eab00000,0x00000000eab00000,0x00000000f2680000)
  from space 10752K, 99% used [0x00000000f2680000,0x00000000f30f9658,0x00000000f3100000)
  to   space 16896K, 0% used [0x00000000f9600000,0x00000000f9600000,0x00000000fa680000)
 ParOldGen       total 82944K, used 12251K [0x00000000c0000000, 0x00000000c5100000, 0x00000000eab00000)
  object space 82944K, 14% used [0x00000000c0000000,0x00000000c0bf6c58,0x00000000c5100000)
 Metaspace       used 34368K, capacity 35242K, committed 35456K, reserved 1079296K
  class space    used 4631K, capacity 4895K, committed 4992K, reserved 1048576K
}
Event: 3.370 GC heap before
{Heap before GC invocations=7 (full 2):
 PSYoungGen      total 137216K, used 10725K [0x00000000eab00000, 0x00000000fa680000, 0x0000000100000000)
  eden space 126464K, 0% used [0x00000000eab00000,0x00000000eab00000,0x00000000f2680000)
  from space 10752K, 99% used [0x00000000f2680000,0x00000000f30f9658,0x00000000f3100000)
  to   space 16896K, 0% used [0x00000000f9600000,0x00000000f9600000,0x00000000fa680000)
 ParOldGen       total 82944K, used 12251K [0x00000000c0000000, 0x00000000c5100000, 0x00000000eab00000)
  object space 82944K, 14% used [0x00000000c0000000,0x00000000c0bf6c58,0x00000000c5100000)
 Metaspace       used 34368K, capacity 35242K, committed 35456K, reserved 1079296K
  class space    used 4631K, capacity 4895K, committed 4992K, reserved 1048576K
Event: 3.417 GC heap after
Heap after GC invocations=7 (full 2):
 PSYoungGen      total 137216K, used 0K [0x00000000eab00000, 0x00000000fa680000, 0x0000000100000000)
  eden space 126464K, 0% used [0x00000000eab00000,0x00000000eab00000,0x00000000f2680000)
  from space 10752K, 0% used [0x00000000f2680000,0x00000000f2680000,0x00000000f3100000)
  to   space 16896K, 0% used [0x00000000f9600000,0x00000000f9600000,0x00000000fa680000)
 ParOldGen       total 111616K, used 21403K [0x00000000c0000000, 0x00000000c6d00000, 0x00000000eab00000)
  object space 111616K, 19% used [0x00000000c0000000,0x00000000c14e6e58,0x00000000c6d00000)
 Metaspace       used 34368K, capacity 35242K, committed 35456K, reserved 1079296K
  class space    used 4631K, capacity 4895K, committed 4992K, reserved 1048576K
}
Event: 4.333 GC heap before
{Heap before GC invocations=8 (full 2):
 PSYoungGen      total 137216K, used 126464K [0x00000000eab00000, 0x00000000fa680000, 0x0000000100000000)
  eden space 126464K, 100% used [0x00000000eab00000,0x00000000f2680000,0x00000000f2680000)
  from space 10752K, 0% used [0x00000000f2680000,0x00000000f2680000,0x00000000f3100000)
  to   space 16896K, 0% used [0x00000000f9600000,0x00000000f9600000,0x00000000fa680000)
 ParOldGen       total 111616K, used 21403K [0x00000000c0000000, 0x00000000c6d00000, 0x00000000eab00000)
  object space 111616K, 19% used [0x00000000c0000000,0x00000000c14e6e58,0x00000000c6d00000)
 Metaspace       used 43276K, capacity 44348K, committed 44544K, reserved 1087488K
  class space    used 5761K, capacity 6063K, committed 6144K, reserved 1048576K
Event: 4.341 GC heap after
Heap after GC invocations=8 (full 2):
 PSYoungGen      total 240640K, used 11734K [0x00000000eab00000, 0x00000000fa780000, 0x0000000100000000)
  eden space 223744K, 0% used [0x00000000eab00000,0x00000000eab00000,0x00000000f8580000)
  from space 16896K, 69% used [0x00000000f9600000,0x00000000fa175bd8,0x00000000fa680000)
  to   space 16896K, 0% used [0x00000000f8580000,0x00000000f8580000,0x00000000f9600000)
 ParOldGen       total 111616K, used 21411K [0x00000000c0000000, 0x00000000c6d00000, 0x00000000eab00000)
  object space 111616K, 19% used [0x00000000c0000000,0x00000000c14e8e58,0x00000000c6d00000)
 Metaspace       used 43276K, capacity 44348K, committed 44544K, reserved 1087488K
  class space    used 5761K, capacity 6063K, committed 6144K, reserved 1048576K
}
Event: 5.062 GC heap before
{Heap before GC invocations=9 (full 2):
 PSYoungGen      total 240640K, used 235478K [0x00000000eab00000, 0x00000000fa780000, 0x0000000100000000)
  eden space 223744K, 100% used [0x00000000eab00000,0x00000000f8580000,0x00000000f8580000)
  from space 16896K, 69% used [0x00000000f9600000,0x00000000fa175bd8,0x00000000fa680000)
  to   space 16896K, 0% used [0x00000000f8580000,0x00000000f8580000,0x00000000f9600000)
 ParOldGen       total 111616K, used 21411K [0x00000000c0000000, 0x00000000c6d00000, 0x00000000eab00000)
  object space 111616K, 19% used [0x00000000c0000000,0x00000000c14e8e58,0x00000000c6d00000)
 Metaspace       used 43865K, capacity 45064K, committed 45312K, reserved 1089536K
  class space    used 5790K, capacity 6101K, committed 6144K, reserved 1048576K
Event: 5.073 GC heap after
Heap after GC invocations=9 (full 2):
 PSYoungGen      total 240640K, used 16889K [0x00000000eab00000, 0x00000000fa780000, 0x0000000100000000)
  eden space 223744K, 0% used [0x00000000eab00000,0x00000000eab00000,0x00000000f8580000)
  from space 16896K, 99% used [0x00000000f8580000,0x00000000f95fe550,0x00000000f9600000)
  to   space 16896K, 0% used [0x00000000f9600000,0x00000000f9600000,0x00000000fa680000)
 ParOldGen       total 111616K, used 22755K [0x00000000c0000000, 0x00000000c6d00000, 0x00000000eab00000)
  object space 111616K, 20% used [0x00000000c0000000,0x00000000c1638ca8,0x00000000c6d00000)
 Metaspace       used 43865K, capacity 45064K, committed 45312K, reserved 1089536K
  class space    used 5790K, capacity 6101K, committed 6144K, reserved 1048576K
}
Event: 5.631 GC heap before
{Heap before GC invocations=10 (full 2):
 PSYoungGen      total 240640K, used 240617K [0x00000000eab00000, 0x00000000fa780000, 0x0000000100000000)
  eden space 223744K, 99% used [0x00000000eab00000,0x00000000f857bf18,0x00000000f8580000)
  from space 16896K, 99% used [0x00000000f8580000,0x00000000f95fe550,0x00000000f9600000)
  to   space 16896K, 0% used [0x00000000f9600000,0x00000000f9600000,0x00000000fa680000)
 ParOldGen       total 111616K, used 22755K [0x00000000c0000000, 0x00000000c6d00000, 0x00000000eab00000)
  object space 111616K, 20% used [0x00000000c0000000,0x00000000c1638ca8,0x00000000c6d00000)
 Metaspace       used 44244K, capacity 45406K, committed 45696K, reserved 1089536K
  class space    used 5817K, capacity 6146K, committed 6272K, reserved 1048576K
Event: 5.642 GC heap after
Heap after GC invocations=10 (full 2):
 PSYoungGen      total 240640K, used 16876K [0x00000000eab00000, 0x00000000fa780000, 0x0000000100000000)
  eden space 223744K, 0% used [0x00000000eab00000,0x00000000eab00000,0x00000000f8580000)
  from space 16896K, 99% used [0x00000000f9600000,0x00000000fa67b070,0x00000000fa680000)
  to   space 16896K, 0% used [0x00000000f8580000,0x00000000f8580000,0x00000000f9600000)
 ParOldGen       total 111616K, used 24980K [0x00000000c0000000, 0x00000000c6d00000, 0x00000000eab00000)
  object space 111616K, 22% used [0x00000000c0000000,0x00000000c1865288,0x00000000c6d00000)
 Metaspace       used 44244K, capacity 45406K, committed 45696K, reserved 1089536K
  class space    used 5817K, capacity 6146K, committed 6272K, reserved 1048576K
}

Deoptimization events (10 events):
Event: 10.689 Thread 0x00000000181bc000 Uncommon trap: reason=class_check action=maybe_recompile pc=0x00000000032321b8 method=java.util.zip.InflaterInputStream.read([BII)I @ 100
Event: 11.433 Thread 0x00000000181bc000 Uncommon trap: reason=class_check action=maybe_recompile pc=0x0000000003760f80 method=com.google.common.collect.AbstractMapBasedMultimap$WrappedCollection.refreshIfEmpty()V @ 59
Event: 11.434 Thread 0x00000000181bc000 Uncommon trap: reason=class_check action=maybe_recompile pc=0x0000000003760f80 method=com.google.common.collect.AbstractMapBasedMultimap$WrappedCollection.refreshIfEmpty()V @ 59
Event: 11.434 Thread 0x00000000181bc000 Uncommon trap: reason=class_check action=maybe_recompile pc=0x0000000003760f80 method=com.google.common.collect.AbstractMapBasedMultimap$WrappedCollection.refreshIfEmpty()V @ 59
Event: 11.434 Thread 0x00000000181bc000 Uncommon trap: reason=class_check action=maybe_recompile pc=0x0000000003760f80 method=com.google.common.collect.AbstractMapBasedMultimap$WrappedCollection.refreshIfEmpty()V @ 59
Event: 11.520 Thread 0x00000000181bc000 Uncommon trap: reason=unstable_if action=reinterpret pc=0x0000000002d8f5d8 method=com.esotericsoftware.kryo.io.Input.readUtf8(I)V @ 79
Event: 11.868 Thread 0x00000000181bc000 Uncommon trap: reason=unstable_if action=reinterpret pc=0x0000000003bf1478 method=java.util.regex.Pattern.newSlice([IIZ)Ljava/util/regex/Pattern$Node; @ 10
Event: 11.868 Thread 0x00000000181bc000 Uncommon trap: reason=unstable_if action=reinterpret pc=0x000000000377fc08 method=java.util.regex.Pattern.newSlice([IIZ)Ljava/util/regex/Pattern$Node; @ 10
Event: 11.971 Thread 0x00000000181bc000 Uncommon trap: reason=unstable_if action=reinterpret pc=0x0000000003e370b8 method=org.gradle.internal.classloader.FilteringClassLoader.allowed(Ljava/lang/String;)Z @ 49
Event: 12.076 Thread 0x00000000181bc000 Uncommon trap: reason=unstable_if action=reinterpret pc=0x00000000037408d0 method=org.objectweb.asm.Type.getArgumentsAndReturnSizes(Ljava/lang/String;)I @ 47

Classes redefined (0 events):
No events

Internal exceptions (10 events):
Event: 12.018 Thread 0x00000000181bc000 Exception <a 'java/lang/NoSuchMethodError': java.lang.Object.lambda$static$1(Ljava/util/Set;Ljava/util/Set;)Z> (0x00000000f7c69b80) thrown at [D:\src\AOSP-openjdk-cygwin\jdk8u\hotspot\src\share\vm\interpreter\linkResolver.cpp, line 584]
Event: 12.018 Thread 0x00000000181bc000 Exception <a 'java/lang/NoSuchMethodError': java.lang.Object.lambda$static$2(Ljava/util/Set;Ljava/util/Set;)Z> (0x00000000f7c6c2f0) thrown at [D:\src\AOSP-openjdk-cygwin\jdk8u\hotspot\src\share\vm\interpreter\linkResolver.cpp, line 584]
Event: 12.029 Thread 0x00000000181bc000 Exception <a 'java/lang/ClassNotFoundException': com/android/build/gradle/internal/tasks/InstallVariantTask_DecoratedBeanInfo> (0x00000000f7db24c0) thrown at [D:\src\AOSP-openjdk-cygwin\jdk8u\hotspot\src\share\vm\classfile\systemDictionary.cpp, line 210]
Event: 12.031 Thread 0x00000000181bc000 Exception <a 'java/lang/ClassNotFoundException': com/android/build/gradle/internal/tasks/InstallVariantTaskBeanInfo> (0x00000000f7dc64a0) thrown at [D:\src\AOSP-openjdk-cygwin\jdk8u\hotspot\src\share\vm\classfile\systemDictionary.cpp, line 210]
Event: 12.031 Thread 0x00000000181bc000 Exception <a 'java/lang/ClassNotFoundException': com/android/build/gradle/internal/tasks/InstallVariantTaskCustomizer> (0x00000000f7ddb010) thrown at [D:\src\AOSP-openjdk-cygwin\jdk8u\hotspot\src\share\vm\classfile\systemDictionary.cpp, line 210]
Event: 12.032 Thread 0x00000000181bc000 Exception <a 'java/lang/ClassNotFoundException': com/android/build/gradle/internal/tasks/InstallVariantTask_DecoratedCustomizer> (0x00000000f7e1f678) thrown at [D:\src\AOSP-openjdk-cygwin\jdk8u\hotspot\src\share\vm\classfile\systemDictionary.cpp, line 210
Event: 12.037 Thread 0x00000000181bc000 Exception <a 'java/lang/ClassNotFoundException': com/android/build/gradle/internal/tasks/UninstallTask_DecoratedBeanInfo> (0x00000000f7f280d0) thrown at [D:\src\AOSP-openjdk-cygwin\jdk8u\hotspot\src\share\vm\classfile\systemDictionary.cpp, line 210]
Event: 12.038 Thread 0x00000000181bc000 Exception <a 'java/lang/ClassNotFoundException': com/android/build/gradle/internal/tasks/UninstallTaskBeanInfo> (0x00000000f7f3b7f8) thrown at [D:\src\AOSP-openjdk-cygwin\jdk8u\hotspot\src\share\vm\classfile\systemDictionary.cpp, line 210]
Event: 12.038 Thread 0x00000000181bc000 Exception <a 'java/lang/ClassNotFoundException': com/android/build/gradle/internal/tasks/UninstallTaskCustomizer> (0x00000000f7f4f2e8) thrown at [D:\src\AOSP-openjdk-cygwin\jdk8u\hotspot\src\share\vm\classfile\systemDictionary.cpp, line 210]
Event: 12.038 Thread 0x00000000181bc000 Exception <a 'java/lang/ClassNotFoundException': com/android/build/gradle/internal/tasks/UninstallTask_DecoratedCustomizer> (0x00000000f7f7b930) thrown at [D:\src\AOSP-openjdk-cygwin\jdk8u\hotspot\src\share\vm\classfile\systemDictionary.cpp, line 210]

Events (10 events):
Event: 12.083 loading class org/gradle/api/tasks/testing/TestOutputEvent
Event: 12.083 loading class org/gradle/api/tasks/testing/TestOutputEvent done
Event: 12.083 loading class org/gradle/api/tasks/testing/TestResult
Event: 12.083 loading class org/gradle/api/tasks/testing/TestResult done
Event: 12.084 loading class org/gradle/api/internal/tasks/testing/TestCompleteEvent
Event: 12.084 loading class org/gradle/api/internal/tasks/testing/TestCompleteEvent done
Event: 12.084 loading class org/gradle/api/internal/tasks/testing/TestStartEvent
Event: 12.084 loading class org/gradle/api/internal/tasks/testing/TestStartEvent done
Event: 12.086 loading class org/gradle/process/internal/DefaultJavaForkOptions
Event: 12.086 loading class org/gradle/process/internal/DefaultJavaForkOptions done


Dynamic libraries:
0x00007ff6ed140000 - 0x00007ff6ed171000 	D:\android studio\as\jre\bin\java.exe
0x00007ffe49220000 - 0x00007ffe493e1000 	C:\Windows\SYSTEM32\ntdll.dll
0x00007ffe46b70000 - 0x00007ffe46c1d000 	C:\Windows\system32\KERNEL32.DLL
0x00007ffe46710000 - 0x00007ffe468ed000 	C:\Windows\system32\KERNELBASE.dll
0x00007ffe46c20000 - 0x00007ffe46cc6000 	C:\Windows\system32\ADVAPI32.dll
0x00007ffe47540000 - 0x00007ffe475dd000 	C:\Windows\system32\msvcrt.dll
0x00007ffe491c0000 - 0x00007ffe4921b000 	C:\Windows\system32\sechost.dll
0x00007ffe48db0000 - 0x00007ffe48ed6000 	C:\Windows\system32\RPCRT4.dll
0x00007ffe48c60000 - 0x00007ffe48dae000 	C:\Windows\system32\USER32.dll
0x00007ffe473b0000 - 0x00007ffe47536000 	C:\Windows\system32\GDI32.dll
0x00007ffe3c6c0000 - 0x00007ffe3c934000 	C:\Windows\WinSxS\amd64_microsoft.windows.common-controls_6595b64144ccf1df_6.0.10240.16384_none_f41f7b285750ef43\COMCTL32.dll
0x00007ffe46e90000 - 0x00007ffe46ec6000 	C:\Windows\system32\IMM32.DLL
0x00007ffe46cd0000 - 0x00007ffe46e2c000 	C:\Windows\system32\MSCTF.dll
0x000000005bc40000 - 0x000000005bd12000 	D:\android studio\as\jre\jre\bin\msvcr100.dll
0x000000005b180000 - 0x000000005b9bf000 	D:\android studio\as\jre\jre\bin\server\jvm.dll
0x00007ffe47720000 - 0x00007ffe47728000 	C:\Windows\system32\PSAPI.DLL
0x00007ffe3d370000 - 0x00007ffe3d379000 	C:\Windows\SYSTEM32\WSOCK32.dll
0x00007ffe44260000 - 0x00007ffe44283000 	C:\Windows\SYSTEM32\WINMM.dll
0x00007ffe47080000 - 0x00007ffe470e9000 	C:\Windows\system32\WS2_32.dll
0x00007ffe47240000 - 0x00007ffe47248000 	C:\Windows\system32\NSI.dll
0x00007ffe423c0000 - 0x00007ffe423ca000 	C:\Windows\SYSTEM32\VERSION.dll
0x00007ffe44230000 - 0x00007ffe4425c000 	C:\Windows\SYSTEM32\winmmbase.dll
0x00007ffe45da0000 - 0x00007ffe45de4000 	C:\Windows\system32\cfgmgr32.dll
0x00007ffe44590000 - 0x00007ffe445b7000 	C:\Windows\SYSTEM32\DEVOBJ.dll
0x00007ffe3d360000 - 0x00007ffe3d36f000 	D:\android studio\as\jre\jre\bin\verify.dll
0x00007ffe38110000 - 0x00007ffe38139000 	D:\android studio\as\jre\jre\bin\java.dll
0x00007ffe3cf40000 - 0x00007ffe3cf56000 	D:\android studio\as\jre\jre\bin\zip.dll
0x00007ffe47730000 - 0x00007ffe48c52000 	C:\Windows\system32\SHELL32.dll
0x00007ffe45f10000 - 0x00007ffe46539000 	C:\Windows\system32\windows.storage.dll
0x00007ffe48f40000 - 0x00007ffe491bc000 	C:\Windows\system32\combase.dll
0x00007ffe48ee0000 - 0x00007ffe48f31000 	C:\Windows\system32\shlwapi.dll
0x00007ffe45cc0000 - 0x00007ffe45ccf000 	C:\Windows\system32\kernel.appcore.dll
0x00007ffe45df0000 - 0x00007ffe45ea3000 	C:\Windows\system32\shcore.dll
0x00007ffe45c70000 - 0x00007ffe45cba000 	C:\Windows\system32\powrprof.dll
0x00007ffe45c50000 - 0x00007ffe45c63000 	C:\Windows\system32\profapi.dll
0x00007ffe3c940000 - 0x00007ffe3c95a000 	D:\android studio\as\jre\jre\bin\net.dll
0x00007ffe45490000 - 0x00007ffe454ed000 	C:\Windows\system32\mswsock.dll
0x00007ffe380f0000 - 0x00007ffe38101000 	D:\android studio\as\jre\jre\bin\nio.dll
0x00007ffe3cfb0000 - 0x00007ffe3cfce000 	C:\Users\Administrator\.gradle\native\23\windows-amd64\native-platform.dll
0x00007ffe454f0000 - 0x00007ffe45507000 	C:\Windows\SYSTEM32\CRYPTSP.dll
0x00007ffe45780000 - 0x00007ffe457a8000 	C:\Windows\SYSTEM32\bcrypt.dll
0x00007ffe450e0000 - 0x00007ffe45113000 	C:\Windows\system32\rsaenh.dll
0x00007ffe452c0000 - 0x00007ffe452df000 	C:\Windows\SYSTEM32\USERENV.dll
0x00007ffe45a80000 - 0x00007ffe45aeb000 	C:\Windows\system32\bcryptprimitives.dll
0x00007ffe45660000 - 0x00007ffe4566b000 	C:\Windows\SYSTEM32\CRYPTBASE.dll
0x00007ffe3ce60000 - 0x00007ffe3ce98000 	C:\Windows\SYSTEM32\IPHLPAPI.DLL
0x00007ffe42690000 - 0x00007ffe4269b000 	C:\Windows\SYSTEM32\WINNSI.DLL
0x00007ffe3cda0000 - 0x00007ffe3cdb6000 	C:\Windows\SYSTEM32\dhcpcsvc6.DLL
0x00007ffe3cd40000 - 0x00007ffe3cd5a000 	C:\Windows\SYSTEM32\dhcpcsvc.DLL
0x00007ffe3ceb0000 - 0x00007ffe3cebd000 	D:\android studio\as\jre\jre\bin\management.dll
0x00007ffe2ed20000 - 0x00007ffe2ed44000 	D:\android studio\as\jre\jre\bin\sunec.dll
0x00007ffe451d0000 - 0x00007ffe45278000 	C:\Windows\SYSTEM32\DNSAPI.dll
0x00007ffe3e270000 - 0x00007ffe3e27a000 	C:\Windows\SYSTEM32\rasadhlp.dll
0x00007ffe42620000 - 0x00007ffe42688000 	C:\Windows\System32\fwpuclnt.dll
0x00007ffe3b180000 - 0x00007ffe3b18b000 	D:\android studio\as\jre\jre\bin\sunmscapi.dll
0x00007ffe46540000 - 0x00007ffe46701000 	C:\Windows\system32\CRYPT32.dll
0x00007ffe45cd0000 - 0x00007ffe45ce1000 	C:\Windows\system32\MSASN1.dll

VM Arguments:
jvm_args: -XX:MaxPermSize=256m -XX:+HeapDumpOnOutOfMemoryError -Xmx1024m -Dfile.encoding=GBK -Duser.country=CN -Duser.language=zh -Duser.variant 
java_command: org.gradle.launcher.daemon.bootstrap.GradleDaemon 3.3
java_class_path (initial): C:\Users\Administrator\.gradle\wrapper\dists\gradle-3.3-all\55gk2rcmfc6p2dg9u9ohc3hw9\gradle-3.3\lib\gradle-launcher-3.3.jar
Launcher Type: SUN_STANDARD

Environment Variables:
JAVA_HOME=C:\Program Files\Java\jdk1.7.0_80
CLASSPATH=.;C:\Program Files\Java\jdk1.7.0_80\lib\dt.jar;C:\Program Files\Java\jdk1.7.0_80\lib\tools.jar;
PATH=C:\Windows\system32;C:\Windows;C:\Windows\System32\Wbem;C:\Windows\System32\WindowsPowerShell\v1.0\;D:\sdk\sdk\platform-tools;C:\Program Files\Java\jdk1.7.0_80\bin;C:\Program Files\Java\jdk1.7.0_80\jre\bin;
USERNAME=Administrator
OS=Windows_NT
PROCESSOR_IDENTIFIER=Intel64 Family 6 Model 158 Stepping 9, GenuineIntel



---------------  S Y S T E M  ---------------

OS: Windows 10.0 , 64 bit Build 10240 (10.0.10240.16384)

CPU:total 4 (initial active 4) (4 cores per cpu, 1 threads per core) family 6 model 158 stepping 9, cmov, cx8, fxsr, mmx, sse, sse2, sse3, ssse3, sse4.1, sse4.2, popcnt, avx, avx2, aes, clmul, erms, rtm, 3dnowpref, lzcnt, tsc, tscinvbit, bmi1, bmi2, adx

Memory: 4k page, physical 16638040k(5864064k free), swap 16638040k(4100k free)

vm_info: OpenJDK 64-Bit Server VM (25.152-b02) for windows-amd64 JRE (1.8.0_152-release-1024-b02), built by "builder" with MS VC++ 10.0 (VS2010)

time: Tue May 29 15:19:40 2018
elapsed time: 12 seconds (0d 0h 0m 12s)

